This is pdfTeX, Version 3.1415926-2.5-1.40.14 (TeX Live 2013) (format=pdflatex 2017.8.9)  5 FEB 2018 19:11
entering extended mode
 restricted \write18 enabled.
 %&-line parsing enabled.
**UCIrvineData.tex
(./UCIrvineData.tex
LaTeX2e <2011/06/27>
Babel <v3.8m> and hyphenation patterns for english, dumylang, nohyphenation, uk
rainian, russian, bulgarian, loaded.
(/usr/share/texlive/texmf-dist/tex/latex/base/article.cls
Document Class: article 2007/10/19 v1.4h Standard LaTeX document class
(/usr/share/texlive/texmf-dist/tex/latex/base/size10.clo
File: size10.clo 2007/10/19 v1.4h Standard LaTeX file (size option)
)
\c@part=\count79
\c@section=\count80
\c@subsection=\count81
\c@subsubsection=\count82
\c@paragraph=\count83
\c@subparagraph=\count84
\c@figure=\count85
\c@table=\count86
\abovecaptionskip=\skip41
\belowcaptionskip=\skip42
\bibindent=\dimen102
)
(/usr/share/texlive/texmf-dist/tex/latex/graphics/graphicx.sty
Package: graphicx 1999/02/16 v1.0f Enhanced LaTeX Graphics (DPC,SPQR)

(/usr/share/texlive/texmf-dist/tex/latex/graphics/keyval.sty
Package: keyval 1999/03/16 v1.13 key=value parser (DPC)
\KV@toks@=\toks14
)
(/usr/share/texlive/texmf-dist/tex/latex/graphics/graphics.sty
Package: graphics 2009/02/05 v1.0o Standard LaTeX Graphics (DPC,SPQR)

(/usr/share/texlive/texmf-dist/tex/latex/graphics/trig.sty
Package: trig 1999/03/16 v1.09 sin cos tan (DPC)
)
(/usr/share/texlive/texmf-dist/tex/latex/latexconfig/graphics.cfg
File: graphics.cfg 2010/04/23 v1.9 graphics configuration of TeX Live
)
Package graphics Info: Driver file: pdftex.def on input line 91.

(/usr/share/texlive/texmf-dist/tex/latex/pdftex-def/pdftex.def
File: pdftex.def 2011/05/27 v0.06d Graphics/color for pdfTeX

(/usr/share/texlive/texmf-dist/tex/generic/oberdiek/infwarerr.sty
Package: infwarerr 2010/04/08 v1.3 Providing info/warning/error messages (HO)
)
(/usr/share/texlive/texmf-dist/tex/generic/oberdiek/ltxcmds.sty
Package: ltxcmds 2011/11/09 v1.22 LaTeX kernel commands for general use (HO)
)
\Gread@gobject=\count87
))
\Gin@req@height=\dimen103
\Gin@req@width=\dimen104
)
(/usr/share/texlive/texmf-dist/tex/latex/graphics/color.sty
Package: color 2005/11/14 v1.0j Standard LaTeX Color (DPC)

(/usr/share/texlive/texmf-dist/tex/latex/latexconfig/color.cfg
File: color.cfg 2007/01/18 v1.5 color configuration of teTeX/TeXLive
)
Package color Info: Driver file: pdftex.def on input line 130.
)
(/usr/share/texlive/texmf-dist/tex/latex/framed/framed.sty
Package: framed 2011/10/22 v 0.96: framed or shaded text with page breaks
\OuterFrameSep=\skip43
\fb@frw=\dimen105
\fb@frh=\dimen106
\FrameRule=\dimen107
\FrameSep=\dimen108
)
(/usr/share/texlive/texmf-dist/tex/latex/base/alltt.sty
Package: alltt 1997/06/16 v2.0g defines alltt environment
)
(/usr/share/texlive/texmf-dist/tex/latex/upquote/upquote.sty
Package: upquote 2012/04/19 v1.3 upright-quote and grave-accent glyphs in verba
tim
)
(./UCIrvineData.aux)
\openout1 = `UCIrvineData.aux'.

LaTeX Font Info:    Checking defaults for OML/cmm/m/it on input line 53.
LaTeX Font Info:    ... okay on input line 53.
LaTeX Font Info:    Checking defaults for T1/cmr/m/n on input line 53.
LaTeX Font Info:    ... okay on input line 53.
LaTeX Font Info:    Checking defaults for OT1/cmr/m/n on input line 53.
LaTeX Font Info:    ... okay on input line 53.
LaTeX Font Info:    Checking defaults for OMS/cmsy/m/n on input line 53.
LaTeX Font Info:    ... okay on input line 53.
LaTeX Font Info:    Checking defaults for OMX/cmex/m/n on input line 53.
LaTeX Font Info:    ... okay on input line 53.
LaTeX Font Info:    Checking defaults for U/cmr/m/n on input line 53.
LaTeX Font Info:    ... okay on input line 53.

(/usr/share/texlive/texmf-dist/tex/context/base/supp-pdf.mkii
[Loading MPS to PDF converter (version 2006.09.02).]
\scratchcounter=\count88
\scratchdimen=\dimen109
\scratchbox=\box26
\nofMPsegments=\count89
\nofMParguments=\count90
\everyMPshowfont=\toks15
\MPscratchCnt=\count91
\MPscratchDim=\dimen110
\MPnumerator=\count92
\makeMPintoPDFobject=\count93
\everyMPtoPDFconversion=\toks16
) (/usr/share/texlive/texmf-dist/tex/generic/oberdiek/pdftexcmds.sty
Package: pdftexcmds 2011/11/29 v0.20 Utility functions of pdfTeX for LuaTeX (HO
)

(/usr/share/texlive/texmf-dist/tex/generic/oberdiek/ifluatex.sty
Package: ifluatex 2010/03/01 v1.3 Provides the ifluatex switch (HO)
Package ifluatex Info: LuaTeX not detected.
)
(/usr/share/texlive/texmf-dist/tex/generic/oberdiek/ifpdf.sty
Package: ifpdf 2011/01/30 v2.3 Provides the ifpdf switch (HO)
Package ifpdf Info: pdfTeX in PDF mode is detected.
)
Package pdftexcmds Info: LuaTeX not detected.
Package pdftexcmds Info: \pdf@primitive is available.
Package pdftexcmds Info: \pdf@ifprimitive is available.
Package pdftexcmds Info: \pdfdraftmode found.
)
(/usr/share/texlive/texmf-dist/tex/latex/oberdiek/epstopdf-base.sty
Package: epstopdf-base 2010/02/09 v2.5 Base part for package epstopdf

(/usr/share/texlive/texmf-dist/tex/latex/oberdiek/grfext.sty
Package: grfext 2010/08/19 v1.1 Manage graphics extensions (HO)

(/usr/share/texlive/texmf-dist/tex/generic/oberdiek/kvdefinekeys.sty
Package: kvdefinekeys 2011/04/07 v1.3 Define keys (HO)
))
(/usr/share/texlive/texmf-dist/tex/latex/oberdiek/kvoptions.sty
Package: kvoptions 2011/06/30 v3.11 Key value format for package options (HO)

(/usr/share/texlive/texmf-dist/tex/generic/oberdiek/kvsetkeys.sty
Package: kvsetkeys 2012/04/25 v1.16 Key value parser (HO)

(/usr/share/texlive/texmf-dist/tex/generic/oberdiek/etexcmds.sty
Package: etexcmds 2011/02/16 v1.5 Avoid name clashes with e-TeX commands (HO)
Package etexcmds Info: Could not find \expanded.
(etexcmds)             That can mean that you are not using pdfTeX 1.50 or
(etexcmds)             that some package has redefined \expanded.
(etexcmds)             In the latter case, load this package earlier.
)))
Package grfext Info: Graphics extension search list:
(grfext)             [.png,.pdf,.jpg,.mps,.jpeg,.jbig2,.jb2,.PNG,.PDF,.JPG,.JPE
G,.JBIG2,.JB2,.eps]
(grfext)             \AppendGraphicsExtensions on input line 452.

(/usr/share/texlive/texmf-dist/tex/latex/latexconfig/epstopdf-sys.cfg
File: epstopdf-sys.cfg 2010/07/13 v1.3 Configuration of (r)epstopdf for TeX Liv
e
))
[1

{/usr/share/texlive/texmf/fonts/map/pdftex/updmap/pdftex.map}]
Package color Info: Redefining color shadecolor on input line 124.
LaTeX Font Info:    Font shape `OT1/cmtt/bx/n' in size <10> not available
(Font)              Font shape `OT1/cmtt/m/n' tried instead on input line 126.

Overfull \hbox (358.49387pt too wide) in paragraph at lines 126--126
[][]\OT1/cmtt/m/n/10 imports_85[] []<-[] []read.csv[][]([][]"https://archive.ic
s.uci.edu/ml/machine-learning-databases/autos/imports-85.data"[][],[] []header[
][]=[][]TRUE[][],[] []na.strings[][]=[][]"?"[][])[][] 
 []


Overfull \hbox (1529.23366pt too wide) in paragraph at lines 128--128
[][]\OT1/cmtt/m/n/10 names[][](imports_85)[] []<-[] []c[][]([][]"Symboling"[][]
,[] []"Normalized-Losses"[][],[][]"Make"[][],[][]"Fuel_Type"[][],[][]"Aspiratio
n"[][],[][]"Num-of-doors"[][],[][]"Body-style"[][],[][]"Drive-wheels"[][],[][]"
Engine-location"[][],[][]"Wheel-base"[][],[][]"Length"[][],[][]"Width"[][],[][]
"Height"[][],[][]"Curb-weight"[][],[][]"Engine-type"[][],[][]"Num-of-cylinders"
[][],[][]"Engine-size"[][],[][]"Fuel-system"[][],[][]"Bore"[][],[][]"Stroke"[][
],[][]"Compression-ratio"[][],[][]"Horsepower"[][],[][]"Peak-rpm"[][],[][]"City
-mpg"[][],[] []"Highway-mpg"[][],[][]"Price"[][])[][] 
 []


Overfull \hbox (48.74657pt too wide) in paragraph at lines 219--219
[]\OT1/cmtt/m/n/10 ##               column   n         mean           sd   medi
an      trimmed[] 
 []


Overfull \hbox (48.74657pt too wide) in paragraph at lines 219--219
[]\OT1/cmtt/m/n/10 ## 1          Symboling 204 8.235294e-01    1.2390348     1.
00 7.987805e-01[] 
 []


Overfull \hbox (48.74657pt too wide) in paragraph at lines 219--219
[]\OT1/cmtt/m/n/10 ## 2  Normalized-Losses 164 1.220000e+02   35.4421675   115.
00 1.195076e+02[] 
 []


Overfull \hbox (48.74657pt too wide) in paragraph at lines 219--219
[]\OT1/cmtt/m/n/10 ## 3              Make* 204 1.325490e+01    6.2314731    13.
00 1.354268e+01[] 
 []


Overfull \hbox (48.74657pt too wide) in paragraph at lines 219--219
[]\OT1/cmtt/m/n/10 ## 4         Fuel_Type* 204 1.901961e+00    0.2980992     2.
00 2.000000e+00[] 
 []


Overfull \hbox (48.74657pt too wide) in paragraph at lines 219--219
[]\OT1/cmtt/m/n/10 ## 5        Aspiration* 204 1.181373e+00    0.3862745     1.
00 1.103659e+00[] 
 []


Overfull \hbox (48.74657pt too wide) in paragraph at lines 219--219
[]\OT1/cmtt/m/n/10 ## 6      Num-of-doors* 202 1.435644e+00    0.4970729     1.
00 1.419753e+00[] 
 []


Overfull \hbox (48.74657pt too wide) in paragraph at lines 219--219
[]\OT1/cmtt/m/n/10 ## 7        Body-style* 204 3.627451e+00    0.8413169     4.
00 3.646341e+00[] 
 []


Overfull \hbox (48.74657pt too wide) in paragraph at lines 219--219
[]\OT1/cmtt/m/n/10 ## 8      Drive-wheels* 204 2.323529e+00    0.5555234     2.
00 2.335366e+00[] 
 []


Overfull \hbox (48.74657pt too wide) in paragraph at lines 219--219
[]\OT1/cmtt/m/n/10 ## 9   Engine-location* 204 1.014706e+00    0.1206690     1.
00 1.000000e+00[] 
 []


Overfull \hbox (48.74657pt too wide) in paragraph at lines 219--219
[]\OT1/cmtt/m/n/10 ## 10        Wheel-base 204 9.880637e+01    5.9941440    97.
00 9.811159e+01[] 
 []


Overfull \hbox (48.74657pt too wide) in paragraph at lines 219--219
[]\OT1/cmtt/m/n/10 ## 11            Length 204 1.740750e+02   12.3621228   173.
20 1.738165e+02[] 
 []


Overfull \hbox (48.74657pt too wide) in paragraph at lines 219--219
[]\OT1/cmtt/m/n/10 ## 12             Width 204 6.591667e+01    2.1467163    65.
50 6.566524e+01[] 
 []


Overfull \hbox (48.74657pt too wide) in paragraph at lines 219--219
[]\OT1/cmtt/m/n/10 ## 13            Height 204 5.374902e+01    2.4249014    54.
10 5.371768e+01[] 
 []


Overfull \hbox (48.74657pt too wide) in paragraph at lines 219--219
[]\OT1/cmtt/m/n/10 ## 14       Curb-weight 204 2.555603e+03  521.9608201  2414.
00 2.512835e+03[] 
 []


Overfull \hbox (48.74657pt too wide) in paragraph at lines 219--219
[]\OT1/cmtt/m/n/10 ## 15      Engine-type* 204 4.029412e+00    1.0358679     4.
00 4.048780e+00[] 
 []


Overfull \hbox (48.74657pt too wide) in paragraph at lines 219--219
[]\OT1/cmtt/m/n/10 ## 16 Num-of-cylinders* 204 3.117647e+00    0.7977075     3.
00 3.060976e+00[] 
 []


Overfull \hbox (48.74657pt too wide) in paragraph at lines 219--219
[]\OT1/cmtt/m/n/10 ## 17       Engine-size 204 1.268922e+02   41.7445685   119.
50 1.205244e+02[] 
 []


Overfull \hbox (48.74657pt too wide) in paragraph at lines 219--219
[]\OT1/cmtt/m/n/10 ## 18      Fuel-system* 204 4.245098e+00    2.0144125     6.
00 4.304878e+00[] 
 []


Overfull \hbox (48.74657pt too wide) in paragraph at lines 219--219
[]\OT1/cmtt/m/n/10 ## 19              Bore 200 3.329050e+00    0.2740440     3.
31 3.325625e+00[] 
 []


Overfull \hbox (48.74657pt too wide) in paragraph at lines 219--219
[]\OT1/cmtt/m/n/10 ## 20            Stroke 200 3.258300e+00    0.3148679     3.
29 3.279625e+00[] 
 []


Overfull \hbox (48.74657pt too wide) in paragraph at lines 219--219
[]\OT1/cmtt/m/n/10 ## 21 Compression-ratio 204 1.014814e+01    3.9810001     9.
00 9.036707e+00[] 
 []


Overfull \hbox (48.74657pt too wide) in paragraph at lines 219--219
[]\OT1/cmtt/m/n/10 ## 22        Horsepower 202 1.042228e+02   39.8101824    95.
00 9.914815e+01[] 
 []


Overfull \hbox (48.74657pt too wide) in paragraph at lines 219--219
[]\OT1/cmtt/m/n/10 ## 23          Peak-rpm 202 5.125990e+03  480.4436796  5200.
00 5.127469e+03[] 
 []


Overfull \hbox (48.74657pt too wide) in paragraph at lines 219--219
[]\OT1/cmtt/m/n/10 ## 24          City-mpg 204 2.524020e+01    6.5515126    24.
00 2.478049e+01[] 
 []


Overfull \hbox (48.74657pt too wide) in paragraph at lines 219--219
[]\OT1/cmtt/m/n/10 ## 25       Highway-mpg 204 3.076961e+01    6.8983369    30.
00 3.042073e+01[] 
 []


Overfull \hbox (48.74657pt too wide) in paragraph at lines 219--219
[]\OT1/cmtt/m/n/10 ## 26             Price 200 1.320569e+04 7966.9825580 10270.
00 1.166558e+04[] 
 []


Overfull \hbox (1.49698pt too wide) in paragraph at lines 219--219
[]\OT1/cmtt/m/n/10 ##            mad     min      max   range        skew    ku
rtosis[] 
 []


Overfull \hbox (1.49698pt too wide) in paragraph at lines 219--219
[]\OT1/cmtt/m/n/10 ## 1     1.482600   -2.00     3.00     5.0  0.21160174 -0.69
232152[] 
 []


Overfull \hbox (1.49698pt too wide) in paragraph at lines 219--219
[]\OT1/cmtt/m/n/10 ## 2    35.582400   65.00   256.00   191.0  0.75202161  0.43
096650[] 
 []


Overfull \hbox (1.49698pt too wide) in paragraph at lines 219--219
[]\OT1/cmtt/m/n/10 ## 3     8.895600    1.00    22.00    21.0 -0.23927514 -1.20
785284[] 
 []


Overfull \hbox (1.49698pt too wide) in paragraph at lines 219--219
[]\OT1/cmtt/m/n/10 ## 4     0.000000    1.00     2.00     1.0 -2.68360594  5.22
743750[] 
 []


Overfull \hbox (1.49698pt too wide) in paragraph at lines 219--219
[]\OT1/cmtt/m/n/10 ## 5     0.000000    1.00     2.00     1.0  1.64165941  0.69
854181[] 
 []


Overfull \hbox (1.49698pt too wide) in paragraph at lines 219--219
[]\OT1/cmtt/m/n/10 ## 6     0.000000    1.00     2.00     1.0  0.25765977 -1.94
315763[] 
 []


Overfull \hbox (1.49698pt too wide) in paragraph at lines 219--219
[]\OT1/cmtt/m/n/10 ## 7     1.482600    1.00     5.00     4.0 -0.59977357  0.87
300279[] 
 []


Overfull \hbox (1.49698pt too wide) in paragraph at lines 219--219
[]\OT1/cmtt/m/n/10 ## 8     0.000000    1.00     3.00     2.0 -0.04897452 -0.70
247720[] 
 []


Overfull \hbox (1.49698pt too wide) in paragraph at lines 219--219
[]\OT1/cmtt/m/n/10 ## 9     0.000000    1.00     2.00     1.0  8.00396793 62.36
930651[] 
 []


Overfull \hbox (1.49698pt too wide) in paragraph at lines 219--219
[]\OT1/cmtt/m/n/10 ## 10    3.854760   86.60   120.90    34.3  1.05346680  0.94
135120[] 
 []


Overfull \hbox (1.49698pt too wide) in paragraph at lines 219--219
[]\OT1/cmtt/m/n/10 ## 11   10.304070  141.10   208.10    67.0  0.14766484 -0.14
856519[] 
 []


Overfull \hbox (1.49698pt too wide) in paragraph at lines 219--219
[]\OT1/cmtt/m/n/10 ## 12    2.075640   60.30    72.30    12.0  0.88389719  0.61
137100[] 
 []


Overfull \hbox (1.49698pt too wide) in paragraph at lines 219--219
[]\OT1/cmtt/m/n/10 ## 13    2.372160   47.80    59.80    12.0  0.07530151 -0.48
309122[] 
 []


Overfull \hbox (1.49698pt too wide) in paragraph at lines 219--219
[]\OT1/cmtt/m/n/10 ## 14  575.248800 1488.00  4066.00  2578.0  0.66958403 -0.11
392044[] 
 []


Overfull \hbox (1.49698pt too wide) in paragraph at lines 219--219
[]\OT1/cmtt/m/n/10 ## 15    0.000000    1.00     7.00     6.0 -0.48170196  3.29
135602[] 
 []


Overfull \hbox (1.49698pt too wide) in paragraph at lines 219--219
[]\OT1/cmtt/m/n/10 ## 16    0.000000    1.00     7.00     6.0  2.10594434 10.59
013452[] 
 []


Overfull \hbox (1.49698pt too wide) in paragraph at lines 219--219
[]\OT1/cmtt/m/n/10 ## 17   33.358500   61.00   326.00   265.0  1.91564984  5.03
220324[] 
 []


Overfull \hbox (1.49698pt too wide) in paragraph at lines 219--219
[]\OT1/cmtt/m/n/10 ## 18    1.482600    1.00     8.00     7.0 -0.23069873 -1.65
931314[] 
 []


Overfull \hbox (1.49698pt too wide) in paragraph at lines 219--219
[]\OT1/cmtt/m/n/10 ## 19    0.385476    2.54     3.94     1.4  0.02667500 -0.86
485480[] 
 []


Overfull \hbox (1.49698pt too wide) in paragraph at lines 219--219
[]\OT1/cmtt/m/n/10 ## 20    0.252042    2.07     4.17     2.1 -0.68507216  2.05
499893[] 
 []


Overfull \hbox (1.49698pt too wide) in paragraph at lines 219--219
[]\OT1/cmtt/m/n/10 ## 21    0.593040    7.00    23.00    16.0  2.56388953  4.95
117083[] 
 []


Overfull \hbox (1.49698pt too wide) in paragraph at lines 219--219
[]\OT1/cmtt/m/n/10 ## 22   37.065000   48.00   288.00   240.0  1.36988333  2.45
426481[] 
 []


Overfull \hbox (1.49698pt too wide) in paragraph at lines 219--219
[]\OT1/cmtt/m/n/10 ## 23  444.780000 4150.00  6600.00  2450.0  0.06824582 -0.01
726486[] 
 []


Overfull \hbox (1.49698pt too wide) in paragraph at lines 219--219
[]\OT1/cmtt/m/n/10 ## 24    7.413000   13.00    49.00    36.0  0.64629733  0.48
910757[] 
 []


Overfull \hbox (1.49698pt too wide) in paragraph at lines 219--219
[]\OT1/cmtt/m/n/10 ## 25    7.413000   16.00    54.00    38.0  0.52479839  0.35
435460[] 
 []


Overfull \hbox (1.49698pt too wide) in paragraph at lines 219--219
[]\OT1/cmtt/m/n/10 ## 26 4902.216900 5118.00 45400.00 40282.0  1.77880455  3.03
214923[] 
 []


Overfull \hbox (48.74657pt too wide) in paragraph at lines 305--305
[]\OT1/cmtt/m/n/10 ##               column   n         mean           sd   medi
an      trimmed[] 
 []


Overfull \hbox (48.74657pt too wide) in paragraph at lines 305--305
[]\OT1/cmtt/m/n/10 ## 1          Symboling 204 8.235294e-01    1.2390348     1.
00 7.987805e-01[] 
 []


Overfull \hbox (48.74657pt too wide) in paragraph at lines 305--305
[]\OT1/cmtt/m/n/10 ## 2  Normalized-Losses 164 1.220000e+02   35.4421675   115.
00 1.195076e+02[] 
 []


Overfull \hbox (48.74657pt too wide) in paragraph at lines 305--305
[]\OT1/cmtt/m/n/10 ## 3              Make* 204 1.325490e+01    6.2314731    13.
00 1.354268e+01[] 
 []


Overfull \hbox (48.74657pt too wide) in paragraph at lines 305--305
[]\OT1/cmtt/m/n/10 ## 4         Fuel_Type* 204 1.901961e+00    0.2980992     2.
00 2.000000e+00[] 
 []


Overfull \hbox (48.74657pt too wide) in paragraph at lines 305--305
[]\OT1/cmtt/m/n/10 ## 5        Aspiration* 204 1.181373e+00    0.3862745     1.
00 1.103659e+00[] 
 []


Overfull \hbox (48.74657pt too wide) in paragraph at lines 305--305
[]\OT1/cmtt/m/n/10 ## 6      Num-of-doors* 202 1.435644e+00    0.4970729     1.
00 1.419753e+00[] 
 []


Overfull \hbox (48.74657pt too wide) in paragraph at lines 305--305
[]\OT1/cmtt/m/n/10 ## 7        Body-style* 204 3.627451e+00    0.8413169     4.
00 3.646341e+00[] 
 []


Overfull \hbox (48.74657pt too wide) in paragraph at lines 305--305
[]\OT1/cmtt/m/n/10 ## 8      Drive-wheels* 204 2.323529e+00    0.5555234     2.
00 2.335366e+00[] 
 []


Overfull \hbox (48.74657pt too wide) in paragraph at lines 305--305
[]\OT1/cmtt/m/n/10 ## 9   Engine-location* 204 1.014706e+00    0.1206690     1.
00 1.000000e+00[] 
 []


Overfull \hbox (48.74657pt too wide) in paragraph at lines 305--305
[]\OT1/cmtt/m/n/10 ## 10        Wheel-base 204 9.880637e+01    5.9941440    97.
00 9.811159e+01[] 
 []


Overfull \hbox (48.74657pt too wide) in paragraph at lines 305--305
[]\OT1/cmtt/m/n/10 ## 11            Length 204 1.740750e+02   12.3621228   173.
20 1.738165e+02[] 
 []


Overfull \hbox (48.74657pt too wide) in paragraph at lines 305--305
[]\OT1/cmtt/m/n/10 ## 12             Width 204 6.591667e+01    2.1467163    65.
50 6.566524e+01[] 
 []


Overfull \hbox (48.74657pt too wide) in paragraph at lines 305--305
[]\OT1/cmtt/m/n/10 ## 13            Height 204 5.374902e+01    2.4249014    54.
10 5.371768e+01[] 
 []


Overfull \hbox (48.74657pt too wide) in paragraph at lines 305--305
[]\OT1/cmtt/m/n/10 ## 14       Curb-weight 204 2.555603e+03  521.9608201  2414.
00 2.512835e+03[] 
 []


Overfull \hbox (48.74657pt too wide) in paragraph at lines 305--305
[]\OT1/cmtt/m/n/10 ## 15      Engine-type* 204 4.029412e+00    1.0358679     4.
00 4.048780e+00[] 
 []


Overfull \hbox (48.74657pt too wide) in paragraph at lines 305--305
[]\OT1/cmtt/m/n/10 ## 16 Num-of-cylinders* 204 3.117647e+00    0.7977075     3.
00 3.060976e+00[] 
 []


Overfull \hbox (48.74657pt too wide) in paragraph at lines 305--305
[]\OT1/cmtt/m/n/10 ## 17       Engine-size 204 1.268922e+02   41.7445685   119.
50 1.205244e+02[] 
 []


Overfull \hbox (48.74657pt too wide) in paragraph at lines 305--305
[]\OT1/cmtt/m/n/10 ## 18      Fuel-system* 204 4.245098e+00    2.0144125     6.
00 4.304878e+00[] 
 []


Overfull \hbox (48.74657pt too wide) in paragraph at lines 305--305
[]\OT1/cmtt/m/n/10 ## 19              Bore 200 3.329050e+00    0.2740440     3.
31 3.325625e+00[] 
 []


Overfull \hbox (48.74657pt too wide) in paragraph at lines 305--305
[]\OT1/cmtt/m/n/10 ## 20            Stroke 200 3.258300e+00    0.3148679     3.
29 3.279625e+00[] 
 []


Overfull \hbox (48.74657pt too wide) in paragraph at lines 305--305
[]\OT1/cmtt/m/n/10 ## 21 Compression-ratio 204 1.014814e+01    3.9810001     9.
00 9.036707e+00[] 
 []


Overfull \hbox (48.74657pt too wide) in paragraph at lines 305--305
[]\OT1/cmtt/m/n/10 ## 22        Horsepower 202 1.042228e+02   39.8101824    95.
00 9.914815e+01[] 
 []


Overfull \hbox (48.74657pt too wide) in paragraph at lines 305--305
[]\OT1/cmtt/m/n/10 ## 23          Peak-rpm 202 5.125990e+03  480.4436796  5200.
00 5.127469e+03[] 
 []


Overfull \hbox (48.74657pt too wide) in paragraph at lines 305--305
[]\OT1/cmtt/m/n/10 ## 24          City-mpg 204 2.524020e+01    6.5515126    24.
00 2.478049e+01[] 
 []


Overfull \hbox (48.74657pt too wide) in paragraph at lines 305--305
[]\OT1/cmtt/m/n/10 ## 25       Highway-mpg 204 3.076961e+01    6.8983369    30.
00 3.042073e+01[] 
 []


Overfull \hbox (48.74657pt too wide) in paragraph at lines 305--305
[]\OT1/cmtt/m/n/10 ## 26             Price 200 1.320569e+04 7966.9825580 10270.
00 1.166558e+04[] 
 []


Overfull \hbox (1.49698pt too wide) in paragraph at lines 305--305
[]\OT1/cmtt/m/n/10 ##            mad     min      max   range        skew    ku
rtosis[] 
 []


Overfull \hbox (1.49698pt too wide) in paragraph at lines 305--305
[]\OT1/cmtt/m/n/10 ## 1     1.482600   -2.00     3.00     5.0  0.21160174 -0.69
232152[] 
 []


Overfull \hbox (1.49698pt too wide) in paragraph at lines 305--305
[]\OT1/cmtt/m/n/10 ## 2    35.582400   65.00   256.00   191.0  0.75202161  0.43
096650[] 
 []


Overfull \hbox (1.49698pt too wide) in paragraph at lines 305--305
[]\OT1/cmtt/m/n/10 ## 3     8.895600    1.00    22.00    21.0 -0.23927514 -1.20
785284[] 
 []


Overfull \hbox (1.49698pt too wide) in paragraph at lines 305--305
[]\OT1/cmtt/m/n/10 ## 4     0.000000    1.00     2.00     1.0 -2.68360594  5.22
743750[] 
 []


Overfull \hbox (1.49698pt too wide) in paragraph at lines 305--305
[]\OT1/cmtt/m/n/10 ## 5     0.000000    1.00     2.00     1.0  1.64165941  0.69
854181[] 
 []


Overfull \hbox (1.49698pt too wide) in paragraph at lines 305--305
[]\OT1/cmtt/m/n/10 ## 6     0.000000    1.00     2.00     1.0  0.25765977 -1.94
315763[] 
 []


Overfull \hbox (1.49698pt too wide) in paragraph at lines 305--305
[]\OT1/cmtt/m/n/10 ## 7     1.482600    1.00     5.00     4.0 -0.59977357  0.87
300279[] 
 []


Overfull \hbox (1.49698pt too wide) in paragraph at lines 305--305
[]\OT1/cmtt/m/n/10 ## 8     0.000000    1.00     3.00     2.0 -0.04897452 -0.70
247720[] 
 []


Overfull \hbox (1.49698pt too wide) in paragraph at lines 305--305
[]\OT1/cmtt/m/n/10 ## 9     0.000000    1.00     2.00     1.0  8.00396793 62.36
930651[] 
 []


Overfull \hbox (1.49698pt too wide) in paragraph at lines 305--305
[]\OT1/cmtt/m/n/10 ## 10    3.854760   86.60   120.90    34.3  1.05346680  0.94
135120[] 
 []


Overfull \hbox (1.49698pt too wide) in paragraph at lines 305--305
[]\OT1/cmtt/m/n/10 ## 11   10.304070  141.10   208.10    67.0  0.14766484 -0.14
856519[] 
 []


Overfull \hbox (1.49698pt too wide) in paragraph at lines 305--305
[]\OT1/cmtt/m/n/10 ## 12    2.075640   60.30    72.30    12.0  0.88389719  0.61
137100[] 
 []


Overfull \hbox (1.49698pt too wide) in paragraph at lines 305--305
[]\OT1/cmtt/m/n/10 ## 13    2.372160   47.80    59.80    12.0  0.07530151 -0.48
309122[] 
 []


Overfull \hbox (1.49698pt too wide) in paragraph at lines 305--305
[]\OT1/cmtt/m/n/10 ## 14  575.248800 1488.00  4066.00  2578.0  0.66958403 -0.11
392044[] 
 []


Overfull \hbox (1.49698pt too wide) in paragraph at lines 305--305
[]\OT1/cmtt/m/n/10 ## 15    0.000000    1.00     7.00     6.0 -0.48170196  3.29
135602[] 
 []


Overfull \hbox (1.49698pt too wide) in paragraph at lines 305--305
[]\OT1/cmtt/m/n/10 ## 16    0.000000    1.00     7.00     6.0  2.10594434 10.59
013452[] 
 []


Overfull \hbox (1.49698pt too wide) in paragraph at lines 305--305
[]\OT1/cmtt/m/n/10 ## 17   33.358500   61.00   326.00   265.0  1.91564984  5.03
220324[] 
 []


Overfull \hbox (1.49698pt too wide) in paragraph at lines 305--305
[]\OT1/cmtt/m/n/10 ## 18    1.482600    1.00     8.00     7.0 -0.23069873 -1.65
931314[] 
 []


Overfull \hbox (1.49698pt too wide) in paragraph at lines 305--305
[]\OT1/cmtt/m/n/10 ## 19    0.385476    2.54     3.94     1.4  0.02667500 -0.86
485480[] 
 []


Overfull \hbox (1.49698pt too wide) in paragraph at lines 305--305
[]\OT1/cmtt/m/n/10 ## 20    0.252042    2.07     4.17     2.1 -0.68507216  2.05
499893[] 
 []


Overfull \hbox (1.49698pt too wide) in paragraph at lines 305--305
[]\OT1/cmtt/m/n/10 ## 21    0.593040    7.00    23.00    16.0  2.56388953  4.95
117083[] 
 []


Overfull \hbox (1.49698pt too wide) in paragraph at lines 305--305
[]\OT1/cmtt/m/n/10 ## 22   37.065000   48.00   288.00   240.0  1.36988333  2.45
426481[] 
 []


Overfull \hbox (1.49698pt too wide) in paragraph at lines 305--305
[]\OT1/cmtt/m/n/10 ## 23  444.780000 4150.00  6600.00  2450.0  0.06824582 -0.01
726486[] 
 []


Overfull \hbox (1.49698pt too wide) in paragraph at lines 305--305
[]\OT1/cmtt/m/n/10 ## 24    7.413000   13.00    49.00    36.0  0.64629733  0.48
910757[] 
 []


Overfull \hbox (1.49698pt too wide) in paragraph at lines 305--305
[]\OT1/cmtt/m/n/10 ## 25    7.413000   16.00    54.00    38.0  0.52479839  0.35
435460[] 
 []


Overfull \hbox (1.49698pt too wide) in paragraph at lines 305--305
[]\OT1/cmtt/m/n/10 ## 26 4902.216900 5118.00 45400.00 40282.0  1.77880455  3.03
214923[] 
 []


Overfull \hbox (43.49661pt too wide) in paragraph at lines 346--346
[]\OT1/cmtt/m/n/10 ##   [1] 16500 16500 13950 17450 15250 17710 18920 23875 <NA
>  16430 16925[] 
 []


Overfull \hbox (38.24666pt too wide) in paragraph at lines 346--346
[]\OT1/cmtt/m/n/10 ##  [12] 20970 21105 24565 30760 41315 36880 5151  6295  657
5  5572  6377[] 
 []


Overfull \hbox (38.24666pt too wide) in paragraph at lines 346--346
[]\OT1/cmtt/m/n/10 ##  [23] 7957  6229  6692  7609  8558  8921  12964 6479  685
5  5399  6529[] 
 []


Overfull \hbox (38.24666pt too wide) in paragraph at lines 346--346
[]\OT1/cmtt/m/n/10 ##  [34] 7129  7295  7295  7895  9095  8845  10295 12945 103
45 6785  <NA>[] 
 []


Overfull \hbox (43.49661pt too wide) in paragraph at lines 346--346
[]\OT1/cmtt/m/n/10 ##  [45] <NA>  11048 32250 35550 36000 5195  6095  6795  669
5  7395  10945[] 
 []


Overfull \hbox (43.49661pt too wide) in paragraph at lines 346--346
[]\OT1/cmtt/m/n/10 ##  [56] 11845 13645 15645 8845  8495  10595 10245 10795 112
45 18280 18344[] 
 []


Overfull \hbox (38.24666pt too wide) in paragraph at lines 346--346
[]\OT1/cmtt/m/n/10 ##  [67] 25552 28248 28176 31600 34184 35056 40960 45400 165
03 5389  6189[] 
 []


Overfull \hbox (38.24666pt too wide) in paragraph at lines 346--346
[]\OT1/cmtt/m/n/10 ##  [78] 6669  7689  9959  8499  12629 14869 14489 6989  818
9  9279  9279[] 
 []


Overfull \hbox (38.24666pt too wide) in paragraph at lines 346--346
[]\OT1/cmtt/m/n/10 ##  [89] 5499  7099  6649  6849  7349  7299  7799  7499  799
9  8249  8949[] 
 []


Overfull \hbox (43.49661pt too wide) in paragraph at lines 346--346
[]\OT1/cmtt/m/n/10 ## [100] 9549  13499 14399 13499 17199 19699 18399 11900 132
00 12440 13860[] 
 []


Overfull \hbox (38.24666pt too wide) in paragraph at lines 346--346
[]\OT1/cmtt/m/n/10 ## [111] 15580 16900 16695 17075 16630 17950 18150 5572  795
7  6229  6692[] 
 []


Overfull \hbox (43.49661pt too wide) in paragraph at lines 346--346
[]\OT1/cmtt/m/n/10 ## [122] 7609  8921  12764 22018 32528 34028 37028 <NA>  929
5  9895  11850[] 
 []


Overfull \hbox (38.24666pt too wide) in paragraph at lines 346--346
[]\OT1/cmtt/m/n/10 ## [133] 12170 15040 15510 18150 18620 5118  7053  7603  712
6  7775  9960[] 
 []


Overfull \hbox (38.24666pt too wide) in paragraph at lines 346--346
[]\OT1/cmtt/m/n/10 ## [144] 9233  11259 7463  10198 8013  11694 5348  6338  648
8  6918  7898[] 
 []


Overfull \hbox (38.24666pt too wide) in paragraph at lines 346--346
[]\OT1/cmtt/m/n/10 ## [155] 8778  6938  7198  7898  7788  7738  8358  9258  805
8  8238  9298[] 
 []


Overfull \hbox (43.49661pt too wide) in paragraph at lines 346--346
[]\OT1/cmtt/m/n/10 ## [166] 9538  8449  9639  9989  11199 11549 17669 8948  106
98 9988  10898[] 
 []


Overfull \hbox (38.24666pt too wide) in paragraph at lines 346--346
[]\OT1/cmtt/m/n/10 ## [177] 11248 16558 15998 15690 15750 7775  7975  7995  819
5  8495  9495[] 
 []


Overfull \hbox (43.49661pt too wide) in paragraph at lines 346--346
[]\OT1/cmtt/m/n/10 ## [188] 9995  11595 9980  13295 13845 12290 12940 13415 159
85 16515 18420[] 
 []


Overfull \hbox (69.74638pt too wide) in paragraph at lines 346--346
[]\OT1/cmtt/m/n/10 ## 185 Levels: 5118 5151 5195 5348 5389 5399 5499 5572 6095 
6189 6229 ... 45400[] 
 []

[2]
Underfull \vbox (badness 10000) detected at line 358
 []


Underfull \vbox (badness 10000) detected at line 358
 []

[3] [4]
Underfull \vbox (badness 10000) detected at line 358
 []


Underfull \vbox (badness 10000) detected at line 358
 []

[5] [6] <figure/unnamed-chunk-1-1.pdf, id=23, 505.89pt x 505.89pt>
File: figure/unnamed-chunk-1-1.pdf Graphic file (type pdf)

<use figure/unnamed-chunk-1-1.pdf>
Package pdftex.def Info: figure/unnamed-chunk-1-1.pdf used on input line 359.
(pdftex.def)             Requested size: 345.0pt x 345.00414pt.

Overfull \hbox (15.0pt too wide) in paragraph at lines 359--360
[][] 
 []


Overfull \hbox (26.27675pt too wide) in paragraph at lines 369--370
[]\OT1/cmtt/m/n/10 ## Warning: Removed 4 rows containing non-finite values (sta
t[]smooth).[] 
 []


Overfull \hbox (5.27693pt too wide) in paragraph at lines 371--371
[]\OT1/cmtt/m/n/10 ## Warning: Removed 4 rows containing missing values (geom[]
point).[] 
 []

[7 <./figure/unnamed-chunk-1-1.pdf>]
<figure/unnamed-chunk-1-2.pdf, id=33, 505.89pt x 505.89pt>
File: figure/unnamed-chunk-1-2.pdf Graphic file (type pdf)

<use figure/unnamed-chunk-1-2.pdf>
Package pdftex.def Info: figure/unnamed-chunk-1-2.pdf used on input line 372.
(pdftex.def)             Requested size: 345.0pt x 345.00414pt.

Overfull \hbox (15.0pt too wide) in paragraph at lines 372--373
[][] 
 []

[8 <./figure/unnamed-chunk-1-2.pdf>] (./UCIrvineData.aux) ) 
Here is how much of TeX's memory you used:
 1613 strings out of 494820
 23324 string characters out of 3178050
 117882 words of memory out of 3000000
 4804 multiletter control sequences out of 15000+200000
 3808 words of font info for 15 fonts, out of 3000000 for 9000
 198 hyphenation exceptions out of 8191
 38i,5n,23p,849b,246s stack positions out of 5000i,500n,10000p,200000b,50000s
</usr/share/texlive/
texmf-dist/fonts/type1/public/amsfonts/cm/cmr10.pfb></usr/share/texlive/texmf-d
ist/fonts/type1/public/amsfonts/cm/cmtt10.pfb>
Output written on UCIrvineData.pdf (8 pages, 86649 bytes).
PDF statistics:
 51 PDF objects out of 1000 (max. 8388607)
 34 compressed objects within 1 object stream
 0 named destinations out of 1000 (max. 500000)
 11 words of extra memory for PDF output out of 10000 (max. 10000000)

